<?xml version="1.0" encoding="UTF-8"?>
<testsuite name="TM_Article"
           tests="6"
           failures="0"
           errors="0"
           skipped="0"
           time="152.628">
  <properties />
  
  
            <testcase name="TC_JOOMLA_ARTICLE_007" time="10.670" classname="testcases.article.TM_Article_002" />
                <testcase name="TC_JOOMLA_ARTICLE_013" time="26.350" classname="testcases.article.TM_Article_002" />
                <testcase name="TC_JOOMLA_ARTICLE_015" time="28.752" classname="testcases.article.TM_Article_002" />
                <testcase name="TC_JOOMLA_ARTICLE_014" time="7.489" classname="testcases.article.TM_Article_002" />
                <testcase name="TC_JOOMLA_ARTICLE_011" time="6.996" classname="testcases.article.TM_Article_002" />
                <testcase name="TC_JOOMLA_ARTICLE_006" time="72.371" classname="testcases.article.TM_Article_002" />
      
</testsuite>
