<?xml version="1.0" encoding="UTF-8"?>
<testsuite name="TM_Category"
           tests="5"
           failures="0"
           errors="0"
           skipped="0"
           time="121.270">
  <properties />
  
  
            <testcase name="TC_JOOMLA_CATEGORY_MANAGER_014" time="15.265" classname="testcases.category.TM_Category_002" />
                <testcase name="TC_JOOMLA_CATEGORY_MANAGER_012" time="40.113" classname="testcases.category.TM_Category_002" />
                <testcase name="TC_JOOMLA_CATEGORY_MANAGER_010" time="24.992" classname="testcases.category.TM_Category_002" />
                <testcase name="TC_JOOMLA_CATEGORY_MANAGER_011" time="15.087" classname="testcases.category.TM_Category_002" />
                <testcase name="TC_JOOMLA_CATEGORY_MANAGER_013" time="25.813" classname="testcases.category.TM_Category_002" />
      
</testsuite>
