<?xml version="1.0" encoding="UTF-8"?>
<testsuite name="TM_BannerClient"
           tests="9"
           failures="0"
           errors="0"
           skipped="0"
           time="88.983">
  <properties />
  
  
            <testcase name="TC_JOOMLA_BANNERS_CLIENTS_003" time="10.706" classname="testcases.bannerClient.TM_BannerClient_001" />
                <testcase name="TC_JOOMLA_BANNERS_CLIENTS_006" time="10.788" classname="testcases.bannerClient.TM_BannerClient_001" />
                <testcase name="TC_JOOMLA_BANNERS_CLIENTS_001" time="12.544" classname="testcases.bannerClient.TM_BannerClient_001" />
                <testcase name="TC_JOOMLA_BANNERS_CLIENTS_002" time="12.301" classname="testcases.bannerClient.TM_BannerClient_001" />
                <testcase name="TC_JOOMLA_BANNERS_CLIENTS_007" time="14.089" classname="testcases.bannerClient.TM_BannerClient_001" />
                <testcase name="TC_JOOMLA_BANNERS_CLIENTS_008" time="2.983" classname="testcases.bannerClient.TM_BannerClient_001" />
                <testcase name="TC_JOOMLA_BANNERS_CLIENTS_009" time="3.992" classname="testcases.bannerClient.TM_BannerClient_001" />
                <testcase name="TC_JOOMLA_BANNERS_CLIENTS_005" time="10.776" classname="testcases.bannerClient.TM_BannerClient_001" />
                <testcase name="TC_JOOMLA_BANNERS_CLIENTS_004" time="10.804" classname="testcases.bannerClient.TM_BannerClient_001" />
      
</testsuite>
