<?xml version="1.0" encoding="UTF-8"?>
<testsuite name="TM_Category"
           tests="9"
           failures="0"
           errors="0"
           skipped="0"
           time="114.862">
  <properties />
  
  
            <testcase name="TC_JOOMLA_CATEGORY_MANAGER_003" time="13.122" classname="testcases.category.TM_Category_001" />
                <testcase name="TC_JOOMLA_CATEGORY_MANAGER_005" time="10.675" classname="testcases.category.TM_Category_001" />
                <testcase name="TC_JOOMLA_CATEGORY_MANAGER_004" time="10.672" classname="testcases.category.TM_Category_001" />
                <testcase name="TC_JOOMLA_CATEGORY_MANAGER_001" time="12.859" classname="testcases.category.TM_Category_001" />
                <testcase name="TC_JOOMLA_CATEGORY_MANAGER_009" time="23.693" classname="testcases.category.TM_Category_001" />
                <testcase name="TC_JOOMLA_CATEGORY_MANAGER_006" time="10.682" classname="testcases.category.TM_Category_001" />
                <testcase name="TC_JOOMLA_CATEGORY_MANAGER_007" time="16.445" classname="testcases.category.TM_Category_001" />
                <testcase name="TC_JOOMLA_CATEGORY_MANAGER_008" time="2.885" classname="testcases.category.TM_Category_001" />
                <testcase name="TC_JOOMLA_CATEGORY_MANAGER_002" time="13.829" classname="testcases.category.TM_Category_001" />
      
</testsuite>
