<?xml version="1.0" encoding="UTF-8"?>
<testsuite name="TM_BannerClient"
           tests="6"
           failures="0"
           errors="0"
           skipped="0"
           time="129.978">
  <properties />
  
  
            <testcase name="TC_JOOMLA_BANNERS_CLIENTS_010" time="62.230" classname="testcases.bannerClient.TM_BannerClient_002" />
                <testcase name="TC_JOOMLA_BANNERS_CLIENTS_013" time="25.446" classname="testcases.bannerClient.TM_BannerClient_002" />
                <testcase name="TC_JOOMLA_BANNERS_CLIENTS_014" time="2.351" classname="testcases.bannerClient.TM_BannerClient_002" />
                <testcase name="TC_JOOMLA_BANNERS_CLIENTS_011" time="21.248" classname="testcases.bannerClient.TM_BannerClient_002" />
                <testcase name="TC_JOOMLA_BANNERS_CLIENTS_012" time="11.288" classname="testcases.bannerClient.TM_BannerClient_002" />
                <testcase name="TC_JOOMLA_BANNERS_CLIENTS_015" time="7.415" classname="testcases.bannerClient.TM_BannerClient_002" />
      
</testsuite>
