<?xml version="1.0" encoding="UTF-8"?>
<testsuite name="TM_Banners"
           tests="9"
           failures="0"
           errors="0"
           skipped="0"
           time="124.786">
  <properties />
  
  
            <testcase name="TC_JOOMLA_BANNERS_BANNERS_007" time="11.662" classname="testcases.banners.TM_Banner_001" />
                <testcase name="TC_JOOMLA_BANNERS_BANNERS_009" time="6.900" classname="testcases.banners.TM_Banner_001" />
                <testcase name="TC_JOOMLA_BANNERS_BANNERS_003" time="15.467" classname="testcases.banners.TM_Banner_001" />
                <testcase name="TC_JOOMLA_BANNERS_BANNERS_005" time="10.711" classname="testcases.banners.TM_Banner_001" />
                <testcase name="TC_JOOMLA_BANNERS_BANNERS_001" time="44.768" classname="testcases.banners.TM_Banner_001" />
                <testcase name="TC_JOOMLA_BANNERS_BANNERS_008" time="2.945" classname="testcases.banners.TM_Banner_001" />
                <testcase name="TC_JOOMLA_BANNERS_BANNERS_002" time="11.421" classname="testcases.banners.TM_Banner_001" />
                <testcase name="TC_JOOMLA_BANNERS_BANNERS_004" time="10.222" classname="testcases.banners.TM_Banner_001" />
                <testcase name="TC_JOOMLA_BANNERS_BANNERS_006" time="10.690" classname="testcases.banners.TM_Banner_001" />
      
</testsuite>
