<?xml version="1.0" encoding="UTF-8"?>
<testsuite name="TC_Article_001_Create"
           tests="9"
           failures="0"
           errors="0"
           skipped="0"
           time="72.570">
  <properties />
  
  
            <testcase name="TC_JOOMLA_ARTICLE_001" time="15.984" classname="testcases.article.TM_Article_001" />
                <testcase name="TC_JOOMLA_ARTICLE_004" time="3.439" classname="testcases.article.TM_Article_001" />
                <testcase name="TC_JOOMLA_ARTICLE_010" time="8.389" classname="testcases.article.TM_Article_001" />
                <testcase name="TC_JOOMLA_ARTICLE_005" time="10.400" classname="testcases.article.TM_Article_001" />
                <testcase name="TC_JOOMLA_ARTICLE_017" time="2.341" classname="testcases.article.TM_Article_001" />
                <testcase name="TC_JOOMLA_ARTICLE_009" time="2.358" classname="testcases.article.TM_Article_001" />
                <testcase name="TC_JOOMLA_ARTICLE_003" time="3.538" classname="testcases.article.TM_Article_001" />
                <testcase name="TC_JOOMLA_ARTICLE_016" time="14.539" classname="testcases.article.TM_Article_001" />
                <testcase name="TC_JOOMLA_ARTICLE_002" time="11.582" classname="testcases.article.TM_Article_001" />
      
</testsuite>
