<?xml version="1.0" encoding="UTF-8"?>
<testsuite name="TM_Contact"
           tests="6"
           failures="0"
           errors="0"
           skipped="0"
           time="119.852">
  <properties />
  
  
            <testcase name="TC_JOOMLA_CONTACTS_015" time="47.542" classname="testcases.contact.TM_Contact_002" />
                <testcase name="TC_JOOMLA_CONTACTS_007" time="8.165" classname="testcases.contact.TM_Contact_002" />
                <testcase name="TC_JOOMLA_CONTACTS_006" time="36.342" classname="testcases.contact.TM_Contact_002" />
                <testcase name="TC_JOOMLA_CONTACTS_014" time="7.024" classname="testcases.contact.TM_Contact_002" />
                <testcase name="TC_JOOMLA_CONTACTS_013" time="14.287" classname="testcases.contact.TM_Contact_002" />
                <testcase name="TC_JOOMLA_CONTACTS_011" time="6.492" classname="testcases.contact.TM_Contact_002" />
      
</testsuite>
