<?xml version="1.0" encoding="UTF-8"?>
<testsuite name="TM_Weblink"
           tests="6"
           failures="0"
           errors="0"
           skipped="0"
           time="137.773">
  <properties />
  
  
            <testcase name="TC_JOOMLA_WEBLINK_006" time="64.756" classname="testcases.weblink.TM_Weblink_002" />
                <testcase name="TC_JOOMLA_WEBLINK_007" time="10.629" classname="testcases.weblink.TM_Weblink_002" />
                <testcase name="TC_JOOMLA_WEBLINK_013" time="20.333" classname="testcases.weblink.TM_Weblink_002" />
                <testcase name="TC_JOOMLA_WEBLINK_011" time="6.791" classname="testcases.weblink.TM_Weblink_002" />
                <testcase name="TC_JOOMLA_WEBLINK_015" time="28.519" classname="testcases.weblink.TM_Weblink_002" />
                <testcase name="TC_JOOMLA_WEBLINK_014" time="6.745" classname="testcases.weblink.TM_Weblink_002" />
      
</testsuite>
