<?xml version="1.0" encoding="UTF-8"?>
<testsuite name="TM_Contact"
           tests="10"
           failures="0"
           errors="0"
           skipped="0"
           time="111.755">
  <properties />
  
  
            <testcase name="TC_JOOMLA_CONTACTS_008" time="8.268" classname="testcases.contact.TM_Contact_001" />
                <testcase name="TC_JOOMLA_CONTACTS_010" time="8.274" classname="testcases.contact.TM_Contact_001" />
                <testcase name="TC_JOOMLA_CONTACTS_016" time="39.274" classname="testcases.contact.TM_Contact_001" />
                <testcase name="TC_JOOMLA_CONTACTS_001" time="16.845" classname="testcases.contact.TM_Contact_001" />
                <testcase name="TC_JOOMLA_CONTACTS_017" time="2.756" classname="testcases.contact.TM_Contact_001" />
                <testcase name="TC_JOOMLA_CONTACTS_009" time="2.809" classname="testcases.contact.TM_Contact_001" />
                <testcase name="TC_JOOMLA_CONTACTS_004" time="3.711" classname="testcases.contact.TM_Contact_001" />
                <testcase name="TC_JOOMLA_CONTACTS_005" time="14.519" classname="testcases.contact.TM_Contact_001" />
                <testcase name="TC_JOOMLA_CONTACTS_002" time="11.598" classname="testcases.contact.TM_Contact_001" />
                <testcase name="TC_JOOMLA_CONTACTS_003" time="3.701" classname="testcases.contact.TM_Contact_001" />
      
</testsuite>
