<?xml version="1.0" encoding="UTF-8"?>
<testsuite name="TM_Banners"
           tests="6"
           failures="0"
           errors="0"
           skipped="0"
           time="144.404">
  <properties />
  
  
            <testcase name="TC_JOOMLA_BANNERS_BANNERS_017" time="1.909" classname="testcases.banners.TM_Banner_002" />
                <testcase name="TC_JOOMLA_BANNERS_BANNERS_010" time="88.756" classname="testcases.banners.TM_Banner_002" />
                <testcase name="TC_JOOMLA_BANNERS_BANNERS_011" time="17.949" classname="testcases.banners.TM_Banner_002" />
                <testcase name="TC_JOOMLA_BANNERS_BANNERS_014" time="0.353" classname="testcases.banners.TM_Banner_002" />
                <testcase name="TC_JOOMLA_BANNERS_BANNERS_013" time="24.250" classname="testcases.banners.TM_Banner_002" />
                <testcase name="TC_JOOMLA_BANNERS_BANNERS_012" time="11.187" classname="testcases.banners.TM_Banner_002" />
      
</testsuite>
