<?xml version="1.0" encoding="UTF-8"?>
<testsuite name="TM_Banners"
           tests="6"
           failures="0"
           errors="0"
           skipped="0"
           time="131.856">
  <properties />
  
  
            <testcase name="TC_JOOMLA_BANNERS_BANNERS_012" time="7.994" classname="testcases.banners.TM_Banner_002" />
                <testcase name="TC_JOOMLA_BANNERS_BANNERS_014" time="0.261" classname="testcases.banners.TM_Banner_002" />
                <testcase name="TC_JOOMLA_BANNERS_BANNERS_010" time="82.446" classname="testcases.banners.TM_Banner_002" />
                <testcase name="TC_JOOMLA_BANNERS_BANNERS_011" time="16.633" classname="testcases.banners.TM_Banner_002" />
                <testcase name="TC_JOOMLA_BANNERS_BANNERS_013" time="22.636" classname="testcases.banners.TM_Banner_002" />
                <testcase name="TC_JOOMLA_BANNERS_BANNERS_017" time="1.886" classname="testcases.banners.TM_Banner_002" />
      
</testsuite>
