<?xml version="1.0" encoding="UTF-8"?>
<testsuite name="TM_Category"
           tests="9"
           failures="0"
           errors="0"
           skipped="0"
           time="99.890">
  <properties />
  
  
            <testcase name="TC_JOOMLA_CATEGORY_MANAGER_003" time="12.987" classname="testcases.category.TM_Category_001" />
                <testcase name="TC_JOOMLA_CATEGORY_MANAGER_002" time="13.176" classname="testcases.category.TM_Category_001" />
                <testcase name="TC_JOOMLA_CATEGORY_MANAGER_009" time="22.835" classname="testcases.category.TM_Category_001" />
                <testcase name="TC_JOOMLA_CATEGORY_MANAGER_006" time="9.954" classname="testcases.category.TM_Category_001" />
                <testcase name="TC_JOOMLA_CATEGORY_MANAGER_007" time="6.129" classname="testcases.category.TM_Category_001" />
                <testcase name="TC_JOOMLA_CATEGORY_MANAGER_001" time="12.220" classname="testcases.category.TM_Category_001" />
                <testcase name="TC_JOOMLA_CATEGORY_MANAGER_004" time="9.877" classname="testcases.category.TM_Category_001" />
                <testcase name="TC_JOOMLA_CATEGORY_MANAGER_008" time="2.798" classname="testcases.category.TM_Category_001" />
                <testcase name="TC_JOOMLA_CATEGORY_MANAGER_005" time="9.914" classname="testcases.category.TM_Category_001" />
      
</testsuite>
