<?xml version="1.0" encoding="UTF-8"?>
<testsuite name="TM_Category"
           tests="5"
           failures="0"
           errors="0"
           skipped="0"
           time="111.427">
  <properties />
  
  
            <testcase name="TC_JOOMLA_CATEGORY_MANAGER_012" time="39.312" classname="testcases.category.TM_Category_002" />
                <testcase name="TC_JOOMLA_CATEGORY_MANAGER_011" time="9.467" classname="testcases.category.TM_Category_002" />
                <testcase name="TC_JOOMLA_CATEGORY_MANAGER_013" time="24.200" classname="testcases.category.TM_Category_002" />
                <testcase name="TC_JOOMLA_CATEGORY_MANAGER_010" time="23.734" classname="testcases.category.TM_Category_002" />
                <testcase name="TC_JOOMLA_CATEGORY_MANAGER_014" time="14.714" classname="testcases.category.TM_Category_002" />
      
</testsuite>
