<?xml version="1.0" encoding="UTF-8"?>
<!-- Generated by org.testng.reporters.JUnitXMLReporter -->
<testsuite hostname="SCD062719" name="TM_BannerClient" tests="15" failures="0" timestamp="5 Aug 2015 17:34:31 GMT" time="210.993" errors="0">
  <testcase name="TC_JOOMLA_BANNERS_CLIENTS_007" time="6.417" classname="testcases.bannerClient.TM_BannerClient_001"/>
  <testcase name="TC_JOOMLA_BANNERS_CLIENTS_001" time="10.993" classname="testcases.bannerClient.TM_BannerClient_001"/>
  <testcase name="TC_JOOMLA_BANNERS_CLIENTS_008" time="2.906" classname="testcases.bannerClient.TM_BannerClient_001"/>
  <testcase name="TC_JOOMLA_BANNERS_CLIENTS_002" time="11.569" classname="testcases.bannerClient.TM_BannerClient_001"/>
  <testcase name="TC_JOOMLA_BANNERS_CLIENTS_009" time="3.875" classname="testcases.bannerClient.TM_BannerClient_001"/>
  <testcase name="TC_JOOMLA_BANNERS_CLIENTS_003" time="10.045" classname="testcases.bannerClient.TM_BannerClient_001"/>
  <testcase name="TC_JOOMLA_BANNERS_CLIENTS_004" time="10.046" classname="testcases.bannerClient.TM_BannerClient_001"/>
  <testcase name="TC_JOOMLA_BANNERS_CLIENTS_005" time="10.08" classname="testcases.bannerClient.TM_BannerClient_001"/>
  <testcase name="TC_JOOMLA_BANNERS_CLIENTS_006" time="10.019" classname="testcases.bannerClient.TM_BannerClient_001"/>
  <testcase name="TC_JOOMLA_BANNERS_CLIENTS_010" time="57.32" classname="testcases.bannerClient.TM_BannerClient_002"/>
  <testcase name="TC_JOOMLA_BANNERS_CLIENTS_012" time="7.232" classname="testcases.bannerClient.TM_BannerClient_002"/>
  <testcase name="TC_JOOMLA_BANNERS_CLIENTS_014" time="2.104" classname="testcases.bannerClient.TM_BannerClient_002"/>
  <testcase name="TC_JOOMLA_BANNERS_CLIENTS_015" time="6.75" classname="testcases.bannerClient.TM_BannerClient_002"/>
  <testcase name="TC_JOOMLA_BANNERS_CLIENTS_011" time="20.515" classname="testcases.bannerClient.TM_BannerClient_002"/>
  <testcase name="TC_JOOMLA_BANNERS_CLIENTS_013" time="23.776" classname="testcases.bannerClient.TM_BannerClient_002"/>
</testsuite> <!-- TM_BannerClient -->
