<?xml version="1.0" encoding="UTF-8"?>
<!-- Generated by org.testng.reporters.JUnitXMLReporter -->
<testsuite hostname="SCD062719" name="TM_Category" tests="14" failures="0" timestamp="5 Aug 2015 17:42:39 GMT" time="231.803" errors="0">
  <testcase name="TC_JOOMLA_CATEGORY_MANAGER_007" time="6.129" classname="testcases.category.TM_Category_001"/>
  <testcase name="TC_JOOMLA_CATEGORY_MANAGER_001" time="12.22" classname="testcases.category.TM_Category_001"/>
  <testcase name="TC_JOOMLA_CATEGORY_MANAGER_008" time="2.798" classname="testcases.category.TM_Category_001"/>
  <testcase name="TC_JOOMLA_CATEGORY_MANAGER_002" time="13.176" classname="testcases.category.TM_Category_001"/>
  <testcase name="TC_JOOMLA_CATEGORY_MANAGER_009" time="22.835" classname="testcases.category.TM_Category_001"/>
  <testcase name="TC_JOOMLA_CATEGORY_MANAGER_003" time="12.987" classname="testcases.category.TM_Category_001"/>
  <testcase name="TC_JOOMLA_CATEGORY_MANAGER_004" time="9.877" classname="testcases.category.TM_Category_001"/>
  <testcase name="TC_JOOMLA_CATEGORY_MANAGER_005" time="9.914" classname="testcases.category.TM_Category_001"/>
  <testcase name="TC_JOOMLA_CATEGORY_MANAGER_006" time="9.954" classname="testcases.category.TM_Category_001"/>
  <testcase name="TC_JOOMLA_CATEGORY_MANAGER_011" time="9.467" classname="testcases.category.TM_Category_002"/>
  <testcase name="TC_JOOMLA_CATEGORY_MANAGER_012" time="39.312" classname="testcases.category.TM_Category_002"/>
  <testcase name="TC_JOOMLA_CATEGORY_MANAGER_010" time="23.734" classname="testcases.category.TM_Category_002"/>
  <testcase name="TC_JOOMLA_CATEGORY_MANAGER_013" time="24.2" classname="testcases.category.TM_Category_002"/>
  <testcase name="TC_JOOMLA_CATEGORY_MANAGER_014" time="14.714" classname="testcases.category.TM_Category_002"/>
</testsuite> <!-- TM_Category -->
