<?xml version="1.0" encoding="UTF-8"?>
<!-- Generated by org.testng.reporters.JUnitXMLReporter -->
<testsuite hostname="LGDN15009-W7D01" name="Default test" tests="8" failures="0" timestamp="23 Jul 2015 10:00:50 GMT" time="42.459" errors="0">
  <testcase name="TC_JOOMLA_BANNERS_CLIENTS_001" time="6.386" classname="testcases.bannerClient.TM_BannerClient_001"/>
  <testcase name="TC_JOOMLA_BANNERS_CLIENTS_002" time="4.416" classname="testcases.bannerClient.TM_BannerClient_001"/>
  <testcase name="TC_JOOMLA_BANNERS_CLIENTS_003" time="3.131" classname="testcases.bannerClient.TM_BannerClient_001"/>
  <testcase name="TC_JOOMLA_BANNERS_CLIENTS_004" time="3.481" classname="testcases.bannerClient.TM_BannerClient_001"/>
  <testcase name="TC_JOOMLA_BANNERS_CLIENTS_005" time="3.453" classname="testcases.bannerClient.TM_BannerClient_001"/>
  <testcase name="TC_JOOMLA_BANNERS_CLIENTS_006" time="3.564" classname="testcases.bannerClient.TM_BannerClient_001"/>
  <testcase name="TC_JOOMLA_BANNERS_CLIENTS_008" time="3.048" classname="testcases.bannerClient.TM_BannerClient_001"/>
  <testcase name="TC_JOOMLA_BANNERS_CLIENTS_009" time="4.102" classname="testcases.bannerClient.TM_BannerClient_001"/>
</testsuite> <!-- Default test -->
