<?xml version="1.0" encoding="UTF-8"?>
<!-- Generated by org.testng.reporters.JUnitXMLReporter -->
<testsuite hostname="SCD062719" name="Default test" tests="9" failures="0" timestamp="5 Aug 2015 16:05:27 GMT" time="119.539" errors="0">
  <testcase name="TC_JOOMLA_BANNERS_BANNERS_001" time="38.634" classname="testcases.banners.TM_Banner_001"/>
  <testcase name="TC_JOOMLA_BANNERS_BANNERS_007" time="5.694" classname="testcases.banners.TM_Banner_001"/>
  <testcase name="TC_JOOMLA_BANNERS_BANNERS_008" time="2.88" classname="testcases.banners.TM_Banner_001"/>
  <testcase name="TC_JOOMLA_BANNERS_BANNERS_002" time="10.411" classname="testcases.banners.TM_Banner_001"/>
  <testcase name="TC_JOOMLA_BANNERS_BANNERS_009" time="6.648" classname="testcases.banners.TM_Banner_001"/>
  <testcase name="TC_JOOMLA_BANNERS_BANNERS_004" time="9.975" classname="testcases.banners.TM_Banner_001"/>
  <testcase name="TC_JOOMLA_BANNERS_BANNERS_003" time="14.567" classname="testcases.banners.TM_Banner_001"/>
  <testcase name="TC_JOOMLA_BANNERS_BANNERS_005" time="9.974" classname="testcases.banners.TM_Banner_001"/>
  <testcase name="TC_JOOMLA_BANNERS_BANNERS_006" time="9.979" classname="testcases.banners.TM_Banner_001"/>
</testsuite> <!-- Default test -->
